<?xml version="1.0" encoding="UTF-8"?>
<!-- Generated by org.testng.reporters.JUnitXMLReporter -->
<testsuite hostname="laptop-RMG" ignored="2" name="Regression Test" tests="5" failures="0" timestamp="21 Oct 2018 22:16:20 GMT" time="6.354" errors="0">
  <testcase name="changeLanguage" time="0.552" classname="com.coya.challenge.tests.HomePageTest"/>
  <testcase name="checkMenuSize" time="0.095" classname="com.coya.challenge.tests.HomePageTest"/>
  <testcase name="subscribeToNewsletter" time="2.507" classname="com.coya.challenge.tests.HomePageTest"/>
  <testcase name="openJobsPage" time="1.449" classname="com.coya.challenge.tests.JobsPageTest"/>
  <testcase name="jobSearch" time="1.608" classname="com.coya.challenge.tests.JobsPageTest"/>
  <testcase name="@BeforeSuite initialize" time="0.0" classname="com.coya.challenge.tests.BaseTest">
    <ignored/>
  </testcase> <!-- @BeforeSuite initialize -->
  <testcase name="@AfterSuite stopDriver" time="0.0" classname="com.coya.challenge.tests.BaseTest">
    <ignored/>
  </testcase> <!-- @AfterSuite stopDriver -->
</testsuite> <!-- Regression Test -->
